120515 15:46:11 [Note] Plugin 'FEDERATED' is disabled.
InnoDB: The InnoDB memory heap is disabled
InnoDB: Mutexes and rw_locks use Windows interlocked functions
InnoDB: Compressed tables use zlib 1.2.3
120515 15:46:14  InnoDB: Initializing buffer pool, size = 16.0M
120515 15:46:14  InnoDB: Completed initialization of buffer pool
InnoDB: The first specified data file C:\Users\TestUser\xampp\mysql\data\ibdata1 did not exist:
InnoDB: a new database to be created!
120515 15:46:14  InnoDB: Setting file C:\Users\TestUser\xampp\mysql\data\ibdata1 size to 10 MB
InnoDB: Database physically writes the file full: wait...
120515 15:46:15  InnoDB: Log file C:\Users\TestUser\xampp\mysql\data\ib_logfile0 did not exist: new to be created
InnoDB: Setting log file C:\Users\TestUser\xampp\mysql\data\ib_logfile0 size to 5 MB
InnoDB: Database physically writes the file full: wait...
120515 15:46:16  InnoDB: Log file C:\Users\TestUser\xampp\mysql\data\ib_logfile1 did not exist: new to be created
InnoDB: Setting log file C:\Users\TestUser\xampp\mysql\data\ib_logfile1 size to 5 MB
InnoDB: Database physically writes the file full: wait...
InnoDB: Doublewrite buffer not found: creating new
InnoDB: Doublewrite buffer created
InnoDB: 127 rollback segment(s) active.
InnoDB: Creating foreign key constraint system tables
InnoDB: Foreign key constraint system tables created
120515 15:46:19  InnoDB: 1.1.4 started; log sequence number 0
120515 15:46:22 [Note] Event Scheduler: Loaded 0 events
120515 15:46:22 [Note] mysql\bin\mysqld.exe: ready for connections.
Version: '5.5.8'  socket: ''  port: 3306  MySQL Community Server (GPL)
120515 15:48:50 [Note] Plugin 'FEDERATED' is disabled.
InnoDB: The InnoDB memory heap is disabled
InnoDB: Mutexes and rw_locks use Windows interlocked functions
InnoDB: Compressed tables use zlib 1.2.3
120515 15:48:50  InnoDB: Initializing buffer pool, size = 16.0M
120515 15:48:50  InnoDB: Completed initialization of buffer pool
120515 15:48:50  InnoDB: highest supported file format is Barracuda.
InnoDB: The log sequence number in ibdata files does not match
InnoDB: the log sequence number in the ib_logfiles!
120515 15:48:50  InnoDB: Database was not shut down normally!
InnoDB: Starting crash recovery.
InnoDB: Reading tablespace information from the .ibd files...
InnoDB: Restoring possible half-written data pages from the doublewrite
InnoDB: buffer...
120515 15:48:50  InnoDB: 1.1.4 started; log sequence number 1595675
120515 15:48:50 [Note] Event Scheduler: Loaded 0 events
120515 15:48:50 [Note] mysql\bin\mysqld.exe: ready for connections.
Version: '5.5.8'  socket: ''  port: 3306  MySQL Community Server (GPL)
120516 13:13:34 [Note] Plugin 'FEDERATED' is disabled.
InnoDB: The InnoDB memory heap is disabled
InnoDB: Mutexes and rw_locks use Windows interlocked functions
InnoDB: Compressed tables use zlib 1.2.3
120516 13:13:34  InnoDB: Initializing buffer pool, size = 16.0M
120516 13:13:34  InnoDB: Completed initialization of buffer pool
120516 13:13:34  InnoDB: highest supported file format is Barracuda.
InnoDB: The log sequence number in ibdata files does not match
InnoDB: the log sequence number in the ib_logfiles!
120516 13:13:34  InnoDB: Database was not shut down normally!
InnoDB: Starting crash recovery.
InnoDB: Reading tablespace information from the .ibd files...
InnoDB: Restoring possible half-written data pages from the doublewrite
InnoDB: buffer...
120516 13:13:36  InnoDB: 1.1.4 started; log sequence number 1595675
120516 13:13:36 [Note] Event Scheduler: Loaded 0 events
120516 13:13:36 [Note] mysql\bin\mysqld.exe: ready for connections.
Version: '5.5.8'  socket: ''  port: 3306  MySQL Community Server (GPL)
